1593466750625:items
1593467085914:stacktrace
1593467185124:items
1593470906749:cash total
1593470912577:cashTotal
1593470919728:stacktrace
1593470938636:cashtota
1593470941273:cashtotal
1593471153201:cash-total
1593471249692:help cash-total
1593471390889:help
1593471398419:profit
1593471417908:cash-total
1593471655156:transactions-per-day
1593471671165:transactions-per-dat 2020-06-29
1593471687863:transactions-per-day 2020-06-29
1593472359270:open 111
1593472529091:open
1593472533109:open 5
1593472777899:open
1593472781234:open 2
1593472828772:open 1
1593472861899:stacktrace
1593472950754:open 1
1593473224420:open 1234
1593473776525:open 1
1593475087102:sale
1593475149773:sale 103 1 CASH --bills 1 1 --coins
1593475176300:sale 103 1 CASH --bills 1 1
1593475789873:sale 103 1 CREDIT_CARD
1593478321805:open 1
1593478678961:items
1593478927027:help
